10:00:42.196 [errorLogger] - Tentativa de redefinir senha para um usuário que não existe.
10:01:03.154 [errorLogger] - Tentativa de redefinir senha para um usuário que não existe.
10:02:45.945 [errorLogger] - Tentativa de redefinir senha para um usuário que não existe.
10:21:32.233 [errorLogger] - Access denied for token: null
10:21:32.233 [errorLogger] - Access denied for token: null
10:24:17.241 [errorLogger] - Access denied for token: null
10:24:17.267 [errorLogger] - Access denied for token: null
10:24:37.024 [errorLogger] - Access denied for token: null
10:26:04.924 [errorLogger] - Access denied for token: null
10:26:04.925 [errorLogger] - Access denied for token: null
10:27:00.316 [errorLogger] - Access denied for token: null
10:27:00.323 [errorLogger] - Access denied for token: null
10:32:07.723 [errorLogger] - Access denied for token: null
10:32:07.724 [errorLogger] - Access denied for token: null
10:33:07.742 [errorLogger] - Access denied for token: null
10:33:07.748 [errorLogger] - Access denied for token: null
11:24:24.732 [errorLogger] - Access denied for token: null
11:27:58.758 [errorLogger] - Access denied for token: null
11:27:58.764 [errorLogger] - Access denied for token: null
11:28:25.401 [errorLogger] - Access denied for token: null
11:28:25.407 [errorLogger] - Access denied for token: null
11:28:35.556 [errorLogger] - Access denied for token: null
11:29:00.518 [errorLogger] - Access denied for token: null
11:29:00.522 [errorLogger] - Access denied for token: null
11:30:23.300 [errorLogger] - Access denied for token: null
11:42:40.988 [errorLogger] - Access denied for token: null
11:42:40.995 [errorLogger] - Access denied for token: null
11:50:27.389 [errorLogger] - Access denied for token: null
11:50:27.393 [errorLogger] - Access denied for token: null
11:57:42.456 [errorLogger] - Access denied for token: null
13:15:01.511 [errorLogger] - Access denied for token: null
13:15:01.515 [errorLogger] - Access denied for token: null
13:15:09.341 [errorLogger] - Access denied for token: null
13:15:09.346 [errorLogger] - Access denied for token: null
13:21:33.596 [errorLogger] - Access denied for token: null
13:21:45.892 [errorLogger] - Access denied for token: null
13:25:36.785 [errorLogger] - Access denied for token: [object Object]
13:25:36.789 [errorLogger] - Access denied for token: [object Object]
13:43:51.958 [errorLogger] - Access denied for token: [object Object]
13:46:26.404 [errorLogger] - Access denied for token: [object Object]
13:46:26.404 [errorLogger] - Access denied for token: [object Object]
13:47:25.968 [errorLogger] - Access denied for token: [object Object]
13:47:25.993 [errorLogger] - Access denied for token: [object Object]
13:48:33.766 [errorLogger] - Access denied for token: [object Object]
13:48:33.790 [errorLogger] - Access denied for token: [object Object]
13:48:44.709 [errorLogger] - Access denied for token: [object Object]
13:48:44.723 [errorLogger] - Access denied for token: [object Object]
13:51:10.580 [errorLogger] - Access denied for token: [object Object]
13:56:27.932 [errorLogger] - Access denied for token: [object Object]
13:56:27.932 [errorLogger] - Access denied for token: [object Object]
14:02:32.773 [errorLogger] - Access denied for token: null
14:02:54.116 [errorLogger] - Access denied for token: null
14:12:32.630 [errorLogger] - Access denied for token: null
14:12:32.630 [errorLogger] - Access denied for token: null
14:12:43.275 [errorLogger] - Access denied for token: null
14:12:43.279 [errorLogger] - Access denied for token: null
14:12:50.850 [errorLogger] - Access denied for token: null
14:12:50.850 [errorLogger] - Access denied for token: null
14:12:53.559 [errorLogger] - Access denied for token: null
14:12:53.570 [errorLogger] - Access denied for token: null
14:12:55.815 [errorLogger] - Access denied for token: null
14:12:55.818 [errorLogger] - Access denied for token: null
14:23:25.057 [errorLogger] - Access denied for token: null
14:39:40.028 [errorLogger] - Access denied for token: null
15:29:32.957 [errorLogger] - Access denied for token: null
15:55:28.221 [errorLogger] - Access denied for token: null
15:55:28.221 [errorLogger] - Access denied for token: null
15:56:17.729 [errorLogger] - Access denied for token: null
16:39:43.943 [errorLogger] - Access denied for token: null
16:39:43.943 [errorLogger] - Access denied for token: null
09:01:59.511 [errorLogger] - Access denied for token: null
09:01:59.513 [errorLogger] - Access denied for token: null
09:09:00.716 [errorLogger] - Access denied for token: F380egz1ccKmybZJwi6_dakcgv17amNm
09:09:00.719 [errorLogger] - Access denied for token: F380egz1ccKmybZJwi6_dakcgv17amNm
09:11:57.035 [errorLogger] - tried to change session expiration by a user with no token
09:12:29.894 [errorLogger] - tried to change session expiration by a user with no token
09:14:36.345 [errorLogger] - tried to change session expiration by a user with no token
